<?xml version="1.0" encoding="UTF-8"?>
<!-- Generated by org.testng.reporters.JUnitReportReporter -->
<testsuite skipped="0" hostname="DESKTOP-SOJOF74" name="test.BaseTest" tests="1" failures="0" timestamp="2020-04-12T12:00:18 IST" time="8.272" errors="0">
  <testcase name="browserSet" time="8.272" classname="test.BaseTest"/>
  <system-out/>
</testsuite> <!-- test.BaseTest -->
